<?xml version="1.0" encoding="UTF-8"?>
<coverage generated="1398298958">
  <project timestamp="1398298958">
    <file name="/home/rsyncadmin/hudson/src/Example.php">
      <class name="Example" namespace="global">
        <metrics methods="1" coveredmethods="1" conditionals="0" coveredconditionals="0" statements="1" coveredstatements="1" elements="2" coveredelements="2"/>
      </class>
      <line num="3" type="method" name="add" crap="1" count="1"/>
      <line num="4" type="stmt" count="1"/>
      <metrics loc="6" ncloc="6" classes="1" methods="1" coveredmethods="1" conditionals="0" coveredconditionals="0" statements="1" coveredstatements="1" elements="2" coveredelements="2"/>
    </file>
    <metrics files="1" loc="6" ncloc="6" classes="1" methods="1" coveredmethods="1" conditionals="0" coveredconditionals="0" statements="1" coveredstatements="1" elements="2" coveredelements="2"/>
  </project>
</coverage>
